<?xml version="1.0" encoding="UTF-8"?>
<testsuite name="com.bridgelabz.NIOFileAPITest" tests="1" skipped="0" failures="0" errors="0" timestamp="2021-06-14T19:52:33" hostname="DESKTOP-4IPP4FC" time="0.148">
  <properties/>
  <testcase name="numberOfEmployeeEntryTest()" classname="com.bridgelabz.NIOFileAPITest" time="0.148"/>
  <system-out><![CDATA[]]></system-out>
  <system-err><![CDATA[]]></system-err>
</testsuite>
